Tue Aug 31 11:27:51 CST 2021  [debug] AvalonLogSystem initialized using logfile 'velocity.log'
Tue Aug 31 11:27:51 CST 2021   [info] ************************************************************** 
Tue Aug 31 11:27:51 CST 2021   [info] Starting Jakarta Velocity v1.3.1
Tue Aug 31 11:27:51 CST 2021   [info] RuntimeInstance initializing.
Tue Aug 31 11:27:51 CST 2021   [info] Default Properties File: org\apache\velocity\runtime\defaults\velocity.properties
Tue Aug 31 11:27:51 CST 2021   [info] Trying to use logger class org.apache.velocity.runtime.log.AvalonLogSystem
Tue Aug 31 11:27:51 CST 2021   [info] Using logger class org.apache.velocity.runtime.log.AvalonLogSystem
Tue Aug 31 11:27:51 CST 2021   [info] Default ResourceManager initializing. (class org.apache.velocity.runtime.resource.ResourceManagerImpl)
Tue Aug 31 11:27:51 CST 2021   [info] Resource Loader Instantiated: org.apache.velocity.runtime.resource.loader.FileResourceLoader
Tue Aug 31 11:27:51 CST 2021   [info] FileResourceLoader : initialization starting.
Tue Aug 31 11:27:51 CST 2021   [info] FileResourceLoader : adding path 'D:\programing\learn-velocity\do-tool\'
Tue Aug 31 11:27:51 CST 2021   [info] FileResourceLoader : initialization complete.
Tue Aug 31 11:27:51 CST 2021   [info] ResourceCache : initialized. (class org.apache.velocity.runtime.resource.ResourceCacheImpl)
Tue Aug 31 11:27:51 CST 2021   [info] Default ResourceManager initialization complete.
Tue Aug 31 11:27:51 CST 2021   [info] Loaded System Directive: org.apache.velocity.runtime.directive.Literal
Tue Aug 31 11:27:51 CST 2021   [info] Loaded System Directive: org.apache.velocity.runtime.directive.Macro
Tue Aug 31 11:27:51 CST 2021   [info] Loaded System Directive: org.apache.velocity.runtime.directive.Parse
Tue Aug 31 11:27:51 CST 2021   [info] Loaded System Directive: org.apache.velocity.runtime.directive.Include
Tue Aug 31 11:27:51 CST 2021   [info] Loaded System Directive: org.apache.velocity.runtime.directive.Foreach
Tue Aug 31 11:27:51 CST 2021   [info] Created: 20 parsers.
Tue Aug 31 11:27:51 CST 2021   [info] Velocimacro : initialization starting.
Tue Aug 31 11:27:51 CST 2021   [info] Velocimacro : allowInline = true : VMs can be defined inline in templates
Tue Aug 31 11:27:51 CST 2021   [info] Velocimacro : allowInlineToOverride = false : VMs defined inline may NOT replace previous VM definitions
Tue Aug 31 11:27:51 CST 2021   [info] Velocimacro : allowInlineLocal = false : VMs defined inline will be  global in scope if allowed.
Tue Aug 31 11:27:51 CST 2021   [info] Velocimacro : messages on  : VM system will output logging messages
Tue Aug 31 11:27:51 CST 2021   [info] Velocimacro : autoload off  : VM system will not automatically reload global library macros
Tue Aug 31 11:27:51 CST 2021   [info] Velocimacro : initialization complete.
Tue Aug 31 11:27:51 CST 2021   [info] Velocity successfully started.
Tue Aug 31 11:27:51 CST 2021   [info] ResourceManager : found /vm/dlf_all.sql with loader org.apache.velocity.runtime.resource.loader.FileResourceLoader
Tue Aug 31 11:27:51 CST 2021   [warn] org.apache.velocity.runtime.exception.ReferenceException: reference : template = /vm/dlf_all.sql [line 17,column 28] : ${current_day} is not a valid reference.
Tue Aug 31 11:27:51 CST 2021   [warn] org.apache.velocity.runtime.exception.ReferenceException: reference : template = /vm/dlf_all.sql [line 44,column 10] : ${job_name} is not a valid reference.
Tue Aug 31 11:27:51 CST 2021   [warn] org.apache.velocity.runtime.exception.ReferenceException: reference : template = /vm/dlf_all.sql [line 46,column 10] : ${job_name} is not a valid reference.
Tue Aug 31 11:27:51 CST 2021   [warn] org.apache.velocity.runtime.exception.ReferenceException: reference : template = /vm/dlf_all.sql [line 47,column 10] : ${job_plan_time} is not a valid reference.
Tue Aug 31 11:27:51 CST 2021   [warn] org.apache.velocity.runtime.exception.ReferenceException: reference : template = /vm/dlf_all.sql [line 84,column 10] : ${job_name} is not a valid reference.
Tue Aug 31 11:27:51 CST 2021   [warn] org.apache.velocity.runtime.exception.ReferenceException: reference : template = /vm/dlf_all.sql [line 86,column 10] : ${job_name} is not a valid reference.
Tue Aug 31 11:27:51 CST 2021   [warn] org.apache.velocity.runtime.exception.ReferenceException: reference : template = /vm/dlf_all.sql [line 87,column 10] : ${job_plan_time} is not a valid reference.
Tue Aug 31 11:27:51 CST 2021   [info] ResourceManager : found /vm/dlf_all_init.sql with loader org.apache.velocity.runtime.resource.loader.FileResourceLoader
Tue Aug 31 11:27:51 CST 2021   [warn] org.apache.velocity.runtime.exception.ReferenceException: reference : template = /vm/dlf_all_init.sql [line 19,column 28] : ${current_day} is not a valid reference.
Tue Aug 31 11:27:51 CST 2021   [warn] org.apache.velocity.runtime.exception.ReferenceException: reference : template = /vm/dlf_all_init.sql [line 61,column 13] : ${job_name} is not a valid reference.
Tue Aug 31 11:27:51 CST 2021   [warn] org.apache.velocity.runtime.exception.ReferenceException: reference : template = /vm/dlf_all_init.sql [line 63,column 13] : ${job_name} is not a valid reference.
Tue Aug 31 11:27:51 CST 2021   [info] ResourceManager : found /vm/dlf_all.sql with loader org.apache.velocity.runtime.resource.loader.FileResourceLoader
Tue Aug 31 11:27:51 CST 2021   [warn] org.apache.velocity.runtime.exception.ReferenceException: reference : template = /vm/dlf_all.sql [line 17,column 28] : ${current_day} is not a valid reference.
Tue Aug 31 11:27:51 CST 2021   [warn] org.apache.velocity.runtime.exception.ReferenceException: reference : template = /vm/dlf_all.sql [line 44,column 10] : ${job_name} is not a valid reference.
Tue Aug 31 11:27:51 CST 2021   [warn] org.apache.velocity.runtime.exception.ReferenceException: reference : template = /vm/dlf_all.sql [line 46,column 10] : ${job_name} is not a valid reference.
Tue Aug 31 11:27:51 CST 2021   [warn] org.apache.velocity.runtime.exception.ReferenceException: reference : template = /vm/dlf_all.sql [line 47,column 10] : ${job_plan_time} is not a valid reference.
Tue Aug 31 11:27:51 CST 2021   [warn] org.apache.velocity.runtime.exception.ReferenceException: reference : template = /vm/dlf_all.sql [line 84,column 10] : ${job_name} is not a valid reference.
Tue Aug 31 11:27:51 CST 2021   [warn] org.apache.velocity.runtime.exception.ReferenceException: reference : template = /vm/dlf_all.sql [line 86,column 10] : ${job_name} is not a valid reference.
Tue Aug 31 11:27:51 CST 2021   [warn] org.apache.velocity.runtime.exception.ReferenceException: reference : template = /vm/dlf_all.sql [line 87,column 10] : ${job_plan_time} is not a valid reference.
Tue Aug 31 11:27:51 CST 2021   [info] ResourceManager : found /vm/dlf_all_init.sql with loader org.apache.velocity.runtime.resource.loader.FileResourceLoader
Tue Aug 31 11:27:51 CST 2021   [warn] org.apache.velocity.runtime.exception.ReferenceException: reference : template = /vm/dlf_all_init.sql [line 19,column 28] : ${current_day} is not a valid reference.
Tue Aug 31 11:27:51 CST 2021   [warn] org.apache.velocity.runtime.exception.ReferenceException: reference : template = /vm/dlf_all_init.sql [line 61,column 13] : ${job_name} is not a valid reference.
Tue Aug 31 11:27:51 CST 2021   [warn] org.apache.velocity.runtime.exception.ReferenceException: reference : template = /vm/dlf_all_init.sql [line 63,column 13] : ${job_name} is not a valid reference.
Tue Aug 31 11:27:51 CST 2021   [info] ResourceManager : found /vm/dlf_all.sql with loader org.apache.velocity.runtime.resource.loader.FileResourceLoader
Tue Aug 31 11:27:51 CST 2021   [warn] org.apache.velocity.runtime.exception.ReferenceException: reference : template = /vm/dlf_all.sql [line 17,column 28] : ${current_day} is not a valid reference.
Tue Aug 31 11:27:51 CST 2021   [warn] org.apache.velocity.runtime.exception.ReferenceException: reference : template = /vm/dlf_all.sql [line 44,column 10] : ${job_name} is not a valid reference.
Tue Aug 31 11:27:51 CST 2021   [warn] org.apache.velocity.runtime.exception.ReferenceException: reference : template = /vm/dlf_all.sql [line 46,column 10] : ${job_name} is not a valid reference.
Tue Aug 31 11:27:51 CST 2021   [warn] org.apache.velocity.runtime.exception.ReferenceException: reference : template = /vm/dlf_all.sql [line 47,column 10] : ${job_plan_time} is not a valid reference.
Tue Aug 31 11:27:51 CST 2021   [warn] org.apache.velocity.runtime.exception.ReferenceException: reference : template = /vm/dlf_all.sql [line 84,column 10] : ${job_name} is not a valid reference.
Tue Aug 31 11:27:51 CST 2021   [warn] org.apache.velocity.runtime.exception.ReferenceException: reference : template = /vm/dlf_all.sql [line 86,column 10] : ${job_name} is not a valid reference.
Tue Aug 31 11:27:51 CST 2021   [warn] org.apache.velocity.runtime.exception.ReferenceException: reference : template = /vm/dlf_all.sql [line 87,column 10] : ${job_plan_time} is not a valid reference.
Tue Aug 31 11:27:51 CST 2021   [info] ResourceManager : found /vm/dlf_all_init.sql with loader org.apache.velocity.runtime.resource.loader.FileResourceLoader
Tue Aug 31 11:27:51 CST 2021   [warn] org.apache.velocity.runtime.exception.ReferenceException: reference : template = /vm/dlf_all_init.sql [line 19,column 28] : ${current_day} is not a valid reference.
Tue Aug 31 11:27:51 CST 2021   [warn] org.apache.velocity.runtime.exception.ReferenceException: reference : template = /vm/dlf_all_init.sql [line 61,column 13] : ${job_name} is not a valid reference.
Tue Aug 31 11:27:51 CST 2021   [warn] org.apache.velocity.runtime.exception.ReferenceException: reference : template = /vm/dlf_all_init.sql [line 63,column 13] : ${job_name} is not a valid reference.
